ISim log file
Running: E:\Xilinx\workspace\pcpu\single_clk_cpu\test2_isim_beh.exe -intstyle ise -gui -tclbatch isim.cmd -wdb E:/Xilinx/workspace/pcpu/single_clk_cpu/test2_isim_beh.wdb 
ISim P.20131013 (signature 0x7708f090)
This is a Full version of ISim.
Time resolution is 1 ps
# onerror resume
# wave add /
# run 1000 ns
Simulator is doing circuit initialization process.
Finished circuit initialization process.

	$s1 = 23; $s1 += 5; $s2 = 11; $s3 = $s1 + $s2; $s1 -= $s2;

pc :      instr       : controls : srca : srcb :aluout:result:  wd  :  rd  : rf1  : rf2  : rf3  : wa3 :zf :cf :nf :jump :pcsrc:pcnext:pcnextbr
xx : 0000000000000000 : 00000010 : 0000 : 0000 : xxxx : xxxx : 0000 : 0000 : 0000 : 0000 : 0000 : 000 : x : x : x :  0  :  0  :  xx  :   xx
00 : 1000100100000000 : 11001000 : 0000 : 0000 : 0000 : 0023 : 0000 : 0023 : 0000 : 0000 : 0000 : 001 : x : 0 : x :  0  :  0  :  01  :   01
01 : 0000100000000000 : 01000010 : 0000 : 0000 : 0000 : 0000 : 0000 : 0023 : 0023 : 0000 : 0000 : 000 : x : 0 : x :  0  :  0  :  02  :   02
02 : 1001100100000101 : 11100000 : 0023 : 0005 : 0028 : 0028 : 0000 : 0023 : 0023 : 0000 : 0000 : 001 : x : 0 : x :  0  :  0  :  03  :   03
03 : 1000101000000001 : 11001000 : 0000 : 0001 : 0001 : 0011 : 0028 : 0011 : 0028 : 0000 : 0000 : 010 : x : 0 : x :  0  :  0  :  04  :   04
04 : 0000100000000000 : 01000010 : 0000 : 0000 : 0000 : 0000 : 0000 : 0011 : 0028 : 0011 : 0000 : 000 : x : 0 : x :  0  :  0  :  05  :   05
05 : 1000001100010010 : 10000000 : 0028 : 0011 : 0039 : 0039 : 0011 : 0011 : 0028 : 0011 : 0000 : 011 : x : 0 : x :  0  :  0  :  06  :   06
06 : 0001100100010010 : 10000001 : 0028 : 0011 : 0017 : 0017 : 0011 : 0011 : 0028 : 0011 : 0039 : 001 : x : 0 : x :  0  :  0  :  07  :   07

	Swap $s1 and $s2

pc :      instr       : controls : srca : srcb :aluout:result:  wd  :  rd  : rf1  : rf2  : rf3  : wa3 :zf :cf :nf :jump :pcsrc:pcnext:pcnextbr
07 : 0000100000000000 : 01000010 : 0000 : 0000 : 0000 : 0000 : 0000 : 0011 : 0017 : 0011 : 0039 : 000 : x : 0 : x :  0  :  0  :  08  :   08
08 : 1000001100000010 : 10000000 : 0000 : 0011 : 0011 : 0011 : 0011 : 0011 : 0017 : 0011 : 0039 : 011 : x : 0 : x :  0  :  0  :  09  :   09
09 : 1000001000000001 : 10000000 : 0000 : 0017 : 0017 : 0017 : 0017 : 0011 : 0017 : 0011 : 0011 : 010 : x : 0 : x :  0  :  0  :  0a  :   0a
0a : 1000000100000011 : 10000000 : 0000 : 0011 : 0011 : 0011 : 0011 : 0011 : 0017 : 0017 : 0011 : 001 : x : 0 : x :  0  :  0  :  0b  :   0b
0b : 0000100000000000 : 01000010 : 0000 : 0000 : 0000 : 0000 : 0000 : 0011 : 0011 : 0017 : 0011 : 000 : x : 0 : x :  0  :  0  :  0c  :   0c
0c : 1001001000000001 : 0101x000 : 0000 : 0001 : 0001 : 00X1 : 0017 : 0011 : 0011 : 0017 : 0011 : 010 : x : 0 : x :  0  :  0  :  0d  :   0d
0d : 0000100000000000 : 01000010 : 0000 : 0000 : 0000 : 0000 : 0000 : 0011 : 0011 : 0017 : 0011 : 000 : x : 0 : x :  0  :  0  :  0e  :   0e
0e : 1101100000000000 : 0xx00010 : 0000 : 0000 : 0000 : 0000 : 0000 : 0011 : 0011 : 0017 : 0011 : 000 : x : 0 : x :  0  :  0  :  0e  :   0e
